<?xml version="1.0" encoding="UTF-8"?>
<!-- Generated by org.testng.reporters.JUnitReportReporter -->
<testsuite hostname="snarayana" name="com.test.selenium.TestHello" tests="1" failures="0" timestamp="12 May 2018 04:32:01 GMT" time="11.726" errors="0">
  <testcase name="setup" time="11.726" classname="com.test.selenium.TestHello"/>
</testsuite> <!-- com.test.selenium.TestHello -->
