<?xml version="1.0" encoding="UTF-8"?>
<!-- Generated by org.testng.reporters.JUnitReportReporter -->
<testsuite hostname="snarayana" name="com.test.selenium.TestLogin" tests="1" failures="0" timestamp="11 May 2018 10:27:19 GMT" time="9.444" errors="0">
  <testcase name="init" time="9.444" classname="com.test.selenium.TestLogin"/>
</testsuite> <!-- com.test.selenium.TestLogin -->
