<?xml version="1.0" encoding="UTF-8"?>
<!-- Generated by org.testng.reporters.JUnitReportReporter -->
<testsuite hostname="snarayana" name="TestHello" tests="1" failures="0" timestamp="10 May 2018 10:32:47 GMT" time="10.127" errors="0">
  <testcase name="init" time="10.127" classname="TestHello"/>
</testsuite> <!-- TestHello -->
