<?xml version="1.0" encoding="UTF-8"?>
<!-- Generated by org.testng.reporters.JUnitReportReporter -->
<testsuite hostname="snarayana" name="com.test.selenium.TestHello" tests="1" failures="0" timestamp="11 May 2018 10:27:19 GMT" time="11.253" errors="0">
  <testcase name="init" time="11.253" classname="com.test.selenium.TestHello"/>
</testsuite> <!-- com.test.selenium.TestHello -->
