<?xml version="1.0" encoding="UTF-8"?>
<!-- Generated by org.testng.reporters.JUnitReportReporter -->
<testsuite hostname="snarayana" name="com.test.selenium.TestLogin" tests="1" failures="0" timestamp="12 May 2018 04:32:01 GMT" time="12.846" errors="0">
  <testcase name="launch" time="12.846" classname="com.test.selenium.TestLogin"/>
</testsuite> <!-- com.test.selenium.TestLogin -->
