<?xml version="1.0" encoding="UTF-8"?>
<!-- Generated by org.testng.reporters.JUnitReportReporter -->
<testsuite hostname="snarayana" name="com.test.selenium.TestHello" tests="1" failures="0" timestamp="10 May 2018 11:20:49 GMT" time="10.212" errors="0">
  <testcase name="init" time="10.212" classname="com.test.selenium.TestHello"/>
</testsuite> <!-- com.test.selenium.TestHello -->
